<?xml version="1.0" encoding="UTF-8"?>
<!-- Generated by org.testng.reporters.JUnitXMLReporter -->
<testsuite ignored="6" hostname="LAPTOP-GOCGSJGJ" failures="0" tests="1" name="Default test" time="9.989" errors="0" timestamp="2024-05-09T09:56:50 IST">
  <testcase classname="seleniumbasiccommands.Seleniumcommands" name="validateButtonIsDisplayed" time="6.416"/>
  <testcase classname="seleniumbasiccommands.Seleniumcommands" name="validateButtonIsEnabled" time="0.0">
    <ignored/>
  </testcase> <!-- validateButtonIsEnabled -->
  <testcase classname="seleniumbasiccommands.Seleniumcommands" name="demoWeb" time="0.0">
    <ignored/>
  </testcase> <!-- demoWeb -->
  <testcase classname="seleniumbasiccommands.Seleniumcommands" name="validDemoWebshop" time="0.0">
    <ignored/>
  </testcase> <!-- validDemoWebshop -->
  <testcase classname="seleniumbasiccommands.Seleniumcommands" name="verifyMultipleDropdown" time="0.0">
    <ignored/>
  </testcase> <!-- verifyMultipleDropdown -->
  <testcase classname="seleniumbasiccommands.Seleniumcommands" name="guru" time="0.0">
    <ignored/>
  </testcase> <!-- guru -->
  <testcase classname="seleniumbasiccommands.Seleniumcommands" name="validateIsSelector" time="0.0">
    <ignored/>
  </testcase> <!-- validateIsSelector -->
</testsuite> <!-- Default test -->
