<?xml version="1.0" encoding="UTF-8"?>
<!-- Generated by org.testng.reporters.JUnitXMLReporter -->
<testsuite ignored="11" hostname="LAPTOP-GOCGSJGJ" failures="0" tests="1" name="Default test" time="32.91" errors="0" timestamp="2024-05-09T20:25:43 IST">
  <testcase classname="seleniumbasiccommands.Seleniumcommands" name="verifyMouseOver" time="30.169"/>
  <testcase classname="seleniumbasiccommands.Seleniumcommands" name="dragAndDropOffset" time="0.0">
    <ignored/>
  </testcase> <!-- dragAndDropOffset -->
  <testcase classname="seleniumbasiccommands.Seleniumcommands" name="verifyDoubleClick" time="0.0">
    <ignored/>
  </testcase> <!-- verifyDoubleClick -->
  <testcase classname="seleniumbasiccommands.Seleniumcommands" name="validateButtonIsEnabled" time="0.0">
    <ignored/>
  </testcase> <!-- validateButtonIsEnabled -->
  <testcase classname="seleniumbasiccommands.Seleniumcommands" name="validDemoWebshop" time="0.0">
    <ignored/>
  </testcase> <!-- validDemoWebshop -->
  <testcase classname="seleniumbasiccommands.Seleniumcommands" name="guru" time="0.0">
    <ignored/>
  </testcase> <!-- guru -->
  <testcase classname="seleniumbasiccommands.Seleniumcommands" name="validateIsSelector" time="0.0">
    <ignored/>
  </testcase> <!-- validateIsSelector -->
  <testcase classname="seleniumbasiccommands.Seleniumcommands" name="dragAndDrop" time="0.0">
    <ignored/>
  </testcase> <!-- dragAndDrop -->
  <testcase classname="seleniumbasiccommands.Seleniumcommands" name="verifyMultipleDropdown" time="0.0">
    <ignored/>
  </testcase> <!-- verifyMultipleDropdown -->
  <testcase classname="seleniumbasiccommands.Seleniumcommands" name="demoWeb" time="0.0">
    <ignored/>
  </testcase> <!-- demoWeb -->
  <testcase classname="seleniumbasiccommands.Seleniumcommands" name="verifyRightClick" time="0.0">
    <ignored/>
  </testcase> <!-- verifyRightClick -->
  <testcase classname="seleniumbasiccommands.Seleniumcommands" name="validateButtonIsDisplayed" time="0.0">
    <ignored/>
  </testcase> <!-- validateButtonIsDisplayed -->
</testsuite> <!-- Default test -->
