<?xml version="1.0" encoding="UTF-8"?>
<!-- Generated by org.testng.reporters.JUnitXMLReporter -->
<testsuite ignored="2" hostname="LAPTOP-GOCGSJGJ" failures="0" tests="1" name="Test" time="21.234" errors="0" timestamp="2024-06-13T19:35:19 IST">
  <testcase classname="test.LoginPageTest" name="verifyUserLoginWithValidCredentials" time="7.849"/>
  <testcase classname="test.LoginPageTest" name="verifyUserLoginWithInvalidCredential" time="0.0">
    <ignored/>
  </testcase> <!-- verifyUserLoginWithInvalidCredential -->
  <testcase classname="test.LoginPageTest" name="verifyLoginPageTitle" time="0.0">
    <ignored/>
  </testcase> <!-- verifyLoginPageTitle -->
</testsuite> <!-- Test -->
