<?xml version="1.0" encoding="UTF-8"?>
<!-- Generated by org.testng.reporters.JUnitXMLReporter -->
<testsuite ignored="2" hostname="LAPTOP-GOCGSJGJ" failures="0" tests="1" name="Test" time="12.607" errors="0" timestamp="2024-06-12T21:05:40 IST">
  <testcase classname="test.LoginPageTest" name="verifyUserLoginWithValidCredentials" time="3.754"/>
  <testcase classname="test.LoginPageTest" name="verifyLoginPageTitle" time="0.0">
    <ignored/>
  </testcase> <!-- verifyLoginPageTitle -->
  <testcase classname="test.LoginPageTest" name="verifyUserLoginWithInvalidCredential" time="0.0">
    <ignored/>
  </testcase> <!-- verifyUserLoginWithInvalidCredential -->
</testsuite> <!-- Test -->
