<?xml version="1.0" encoding="UTF-8"?>
<testng-results ignored="0" total="1" passed="1" failed="0" skipped="0">
  <reporter-output>
  </reporter-output>
  <suite started-at="2024-06-07T15:50:38 IST" name="Default suite" finished-at="2024-06-07T15:50:58 IST" duration-ms="19778">
    <groups>
    </groups>
    <test started-at="2024-06-07T15:50:38 IST" name="Default test" finished-at="2024-06-07T15:50:58 IST" duration-ms="19778">
      <class name="seleniumbasiccommands.Seleniumcommands">
        <test-method is-config="true" signature="setup()[pri:0, instance:seleniumbasiccommands.Seleniumcommands@738dc9b]" started-at="2024-06-07T15:50:38 IST" name="setup" finished-at="2024-06-07T15:50:47 IST" duration-ms="8854" status="PASS">
          <reporter-output>
          </reporter-output>
        </test-method> <!-- setup -->
        <test-method signature="validDemoWebshop()[pri:0, instance:seleniumbasiccommands.Seleniumcommands@738dc9b]" started-at="2024-06-07T15:50:47 IST" name="validDemoWebshop" finished-at="2024-06-07T15:50:57 IST" duration-ms="10097" status="PASS">
          <reporter-output>
          </reporter-output>
        </test-method> <!-- validDemoWebshop -->
        <test-method is-config="true" signature="closeBrowser(org.testng.ITestResult)[pri:0, instance:seleniumbasiccommands.Seleniumcommands@738dc9b]" started-at="2024-06-07T15:50:57 IST" name="closeBrowser" finished-at="2024-06-07T15:50:58 IST" duration-ms="735" status="PASS">
          <params>
            <param index="0">
              <value>
                <![CDATA[[TestResult name=validDemoWebshop status=SUCCESS method=Seleniumcommands.validDemoWebshop()[pri:0, instance:seleniumbasiccommands.Seleniumcommands@738dc9b] output={null}]]]>
              </value>
            </param>
          </params>
          <reporter-output>
          </reporter-output>
        </test-method> <!-- closeBrowser -->
      </class> <!-- seleniumbasiccommands.Seleniumcommands -->
    </test> <!-- Default test -->
  </suite> <!-- Default suite -->
</testng-results>
