<?xml version="1.0" encoding="UTF-8"?>
<testng-results ignored="0" total="1" passed="1" failed="0" skipped="0">
  <reporter-output>
  </reporter-output>
  <suite started-at="2024-06-13T19:34:57 IST" name="Suite" finished-at="2024-06-13T19:35:18 IST" duration-ms="21234">
    <groups>
    </groups>
    <test started-at="2024-06-13T19:34:57 IST" name="Test" finished-at="2024-06-13T19:35:18 IST" duration-ms="21234">
      <class name="test.LoginPageTest">
        <test-method is-config="true" signature="setup()[pri:0, instance:test.LoginPageTest@4ed5eb72]" started-at="2024-06-13T19:34:57 IST" name="setup" finished-at="2024-06-13T19:35:08 IST" duration-ms="10800" status="PASS">
          <reporter-output>
          </reporter-output>
        </test-method> <!-- setup -->
        <test-method signature="verifyUserLoginWithValidCredentials()[pri:0, instance:test.LoginPageTest@4ed5eb72]" started-at="2024-06-13T19:35:08 IST" name="verifyUserLoginWithValidCredentials" finished-at="2024-06-13T19:35:15 IST" duration-ms="7849" status="PASS">
          <reporter-output>
          </reporter-output>
        </test-method> <!-- verifyUserLoginWithValidCredentials -->
        <test-method is-config="true" signature="closeBrowser(org.testng.ITestResult)[pri:0, instance:test.LoginPageTest@4ed5eb72]" started-at="2024-06-13T19:35:15 IST" name="closeBrowser" finished-at="2024-06-13T19:35:18 IST" duration-ms="2491" status="PASS">
          <params>
            <param index="0">
              <value>
                <![CDATA[[TestResult name=verifyUserLoginWithValidCredentials status=SUCCESS method=LoginPageTest.verifyUserLoginWithValidCredentials()[pri:0, instance:test.LoginPageTest@4ed5eb72] output={null}]]]>
              </value>
            </param>
          </params>
          <reporter-output>
          </reporter-output>
        </test-method> <!-- closeBrowser -->
      </class> <!-- test.LoginPageTest -->
    </test> <!-- Test -->
  </suite> <!-- Suite -->
</testng-results>
