<?xml version="1.0" encoding="UTF-8"?>
<testng-results ignored="0" total="1" passed="1" failed="0" skipped="0">
  <reporter-output>
  </reporter-output>
  <suite started-at="2024-06-12T21:12:22 IST" name="Default suite" finished-at="2024-06-12T21:12:35 IST" duration-ms="13233">
    <groups>
    </groups>
    <test started-at="2024-06-12T21:12:22 IST" name="Default test" finished-at="2024-06-12T21:12:35 IST" duration-ms="13233">
      <class name="test.LoginPageTest">
        <test-method is-config="true" signature="setup()[pri:0, instance:test.LoginPageTest@563f38c4]" started-at="2024-06-12T21:12:22 IST" name="setup" finished-at="2024-06-12T21:12:30 IST" duration-ms="7774" status="PASS">
          <reporter-output>
          </reporter-output>
        </test-method> <!-- setup -->
        <test-method signature="verifyUserLoginWithValidCredentials()[pri:0, instance:test.LoginPageTest@563f38c4]" started-at="2024-06-12T21:12:30 IST" name="verifyUserLoginWithValidCredentials" finished-at="2024-06-12T21:12:35 IST" duration-ms="4661" status="PASS">
          <reporter-output>
          </reporter-output>
        </test-method> <!-- verifyUserLoginWithValidCredentials -->
        <test-method is-config="true" signature="closeBrowser(org.testng.ITestResult)[pri:0, instance:test.LoginPageTest@563f38c4]" started-at="2024-06-12T21:12:35 IST" name="closeBrowser" finished-at="2024-06-12T21:12:35 IST" duration-ms="701" status="PASS">
          <params>
            <param index="0">
              <value>
                <![CDATA[[TestResult name=verifyUserLoginWithValidCredentials status=SUCCESS method=LoginPageTest.verifyUserLoginWithValidCredentials()[pri:0, instance:test.LoginPageTest@563f38c4] output={null}]]]>
              </value>
            </param>
          </params>
          <reporter-output>
          </reporter-output>
        </test-method> <!-- closeBrowser -->
      </class> <!-- test.LoginPageTest -->
    </test> <!-- Default test -->
  </suite> <!-- Default suite -->
</testng-results>
